  [1m[35m (814.8ms)[0m  [1m[35mCREATE DATABASE "Recipe_App_development" ENCODING = 'unicode'[0m
  [1m[35m (523.4ms)[0m  [1m[35mCREATE DATABASE "Recipe_App_test" ENCODING = 'unicode'[0m
  [1m[35m (34.3ms)[0m  [1m[35mCREATE TABLE "schema_migrations" ("version" character varying NOT NULL PRIMARY KEY)[0m
  [1m[35m (10.2ms)[0m  [1m[35mCREATE TABLE "ar_internal_metadata" ("key" character varying NOT NULL PRIMARY KEY, "value" character varying, "created_at" timestamp(6) NOT NULL, "updated_at" timestamp(6) NOT NULL)[0m
  [1m[35m (11.8ms)[0m  [1m[34mSELECT pg_try_advisory_lock(8272370091435100875)[0m
  [1m[36mActiveRecord::SchemaMigration Pluck (1.6ms)[0m  [1m[34mSELECT "schema_migrations"."version" FROM "schema_migrations" ORDER BY "schema_migrations"."version" ASC[0m
Migrating to CreateUser (20230627114003)
  [1m[36mTRANSACTION (0.2ms)[0m  [1m[35mBEGIN[0m
  [1m[35m (19.6ms)[0m  [1m[35mCREATE TABLE "users" ("id" bigserial primary key, "name" character varying NOT NULL, "created_at" timestamp(6) NOT NULL, "updated_at" timestamp(6) NOT NULL)[0m
  [1m[36mActiveRecord::SchemaMigration Create (1.3ms)[0m  [1m[32mINSERT INTO "schema_migrations" ("version") VALUES ($1) RETURNING "version"[0m  [["version", "20230627114003"]]
  [1m[36mTRANSACTION (0.7ms)[0m  [1m[35mCOMMIT[0m
Migrating to CreateFood (20230627114213)
  [1m[36mTRANSACTION (0.4ms)[0m  [1m[35mBEGIN[0m
  [1m[35m (23.2ms)[0m  [1m[35mCREATE TABLE "foods" ("id" bigserial primary key, "name" character varying, "measurement_unit" character varying, "price" integer, "quantity" integer, "users_id" bigint NOT NULL, "created_at" timestamp(6) NOT NULL, "updated_at" timestamp(6) NOT NULL, CONSTRAINT "fk_rails_7536f86ec3"
FOREIGN KEY ("users_id")
  REFERENCES "users" ("id")
)[0m
  [1m[35m (5.9ms)[0m  [1m[35mCREATE INDEX "index_foods_on_users_id" ON "foods" ("users_id")[0m
  [1m[36mActiveRecord::SchemaMigration Create (0.5ms)[0m  [1m[32mINSERT INTO "schema_migrations" ("version") VALUES ($1) RETURNING "version"[0m  [["version", "20230627114213"]]
  [1m[36mTRANSACTION (0.8ms)[0m  [1m[35mCOMMIT[0m
Migrating to AddDeviseToUsers (20230627115354)
  [1m[36mTRANSACTION (0.9ms)[0m  [1m[35mBEGIN[0m
  [1m[35m (1.1ms)[0m  [1m[35mALTER TABLE "users" ADD "email" character varying DEFAULT '' NOT NULL[0m
  [1m[35m (0.5ms)[0m  [1m[35mALTER TABLE "users" ADD "encrypted_password" character varying DEFAULT '' NOT NULL[0m
  [1m[35m (0.5ms)[0m  [1m[35mALTER TABLE "users" ADD "reset_password_token" character varying[0m
  [1m[35m (0.8ms)[0m  [1m[35mALTER TABLE "users" ADD "reset_password_sent_at" timestamp(6)[0m
  [1m[35m (1.6ms)[0m  [1m[35mALTER TABLE "users" ADD "remember_created_at" timestamp(6)[0m
  [1m[35m (5.0ms)[0m  [1m[35mCREATE UNIQUE INDEX "index_users_on_email" ON "users" ("email")[0m
  [1m[35m (4.6ms)[0m  [1m[35mCREATE UNIQUE INDEX "index_users_on_reset_password_token" ON "users" ("reset_password_token")[0m
  [1m[36mActiveRecord::SchemaMigration Create (3.1ms)[0m  [1m[32mINSERT INTO "schema_migrations" ("version") VALUES ($1) RETURNING "version"[0m  [["version", "20230627115354"]]
  [1m[36mTRANSACTION (1.3ms)[0m  [1m[35mCOMMIT[0m
Migrating to CreateFoods (20230627192046)
  [1m[36mTRANSACTION (0.5ms)[0m  [1m[35mBEGIN[0m
  [1m[35m (13.2ms)[0m  [1m[35mCREATE TABLE "foods" ("id" bigserial primary key, "name" character varying, "measurement_unit" character varying, "user_id" bigint NOT NULL, "created_at" timestamp(6) NOT NULL, "updated_at" timestamp(6) NOT NULL, CONSTRAINT "fk_rails_541e2e5c7b"
FOREIGN KEY ("user_id")
  REFERENCES "users" ("id")
)[0m
  [1m[36mTRANSACTION (0.3ms)[0m  [1m[31mROLLBACK[0m
  [1m[35m (0.9ms)[0m  [1m[34mSELECT pg_advisory_unlock(8272370091435100875)[0m
  [1m[35m (0.4ms)[0m  [1m[34mSELECT pg_try_advisory_lock(8272370091435100875)[0m
  [1m[36mActiveRecord::SchemaMigration Pluck (2.7ms)[0m  [1m[34mSELECT "schema_migrations"."version" FROM "schema_migrations" ORDER BY "schema_migrations"."version" ASC[0m
Migrating to CreateRecipes (20230627192536)
  [1m[36mTRANSACTION (0.2ms)[0m  [1m[35mBEGIN[0m
  [1m[35m (31.1ms)[0m  [1m[35mCREATE TABLE "recipes" ("id" bigserial primary key, "name" character varying, "description" text, "user_id" bigint NOT NULL, "public" boolean, "created_at" timestamp(6) NOT NULL, "updated_at" timestamp(6) NOT NULL, CONSTRAINT "fk_rails_9606fce865"
FOREIGN KEY ("user_id")
  REFERENCES "users" ("id")
)[0m
  [1m[35m (2.9ms)[0m  [1m[35mCREATE INDEX "index_recipes_on_user_id" ON "recipes" ("user_id")[0m
  [1m[36mActiveRecord::SchemaMigration Create (1.4ms)[0m  [1m[32mINSERT INTO "schema_migrations" ("version") VALUES ($1) RETURNING "version"[0m  [["version", "20230627192536"]]
  [1m[36mTRANSACTION (3.2ms)[0m  [1m[35mCOMMIT[0m
Migrating to CreateFoodRecipes (20230627193017)
  [1m[36mTRANSACTION (0.5ms)[0m  [1m[35mBEGIN[0m
  [1m[35m (18.5ms)[0m  [1m[35mCREATE TABLE "food_recipes" ("id" bigserial primary key, "recipe_id" bigint NOT NULL, "food_id" bigint NOT NULL, "quantity" decimal, "created_at" timestamp(6) NOT NULL, "updated_at" timestamp(6) NOT NULL, CONSTRAINT "fk_rails_abcc6c92c3"
FOREIGN KEY ("recipe_id")
  REFERENCES "recipes" ("id")
, CONSTRAINT "fk_rails_0c50f858e8"
FOREIGN KEY ("food_id")
  REFERENCES "foods" ("id")
)[0m
  [1m[35m (6.7ms)[0m  [1m[35mCREATE INDEX "index_food_recipes_on_recipe_id" ON "food_recipes" ("recipe_id")[0m
  [1m[35m (3.6ms)[0m  [1m[35mCREATE INDEX "index_food_recipes_on_food_id" ON "food_recipes" ("food_id")[0m
  [1m[36mActiveRecord::SchemaMigration Create (0.7ms)[0m  [1m[32mINSERT INTO "schema_migrations" ("version") VALUES ($1) RETURNING "version"[0m  [["version", "20230627193017"]]
  [1m[36mTRANSACTION (1.0ms)[0m  [1m[35mCOMMIT[0m
  [1m[36mActiveRecord::InternalMetadata Load (5.5ms)[0m  [1m[34mSELECT "ar_internal_metadata".* FROM "ar_internal_metadata" WHERE "ar_internal_metadata"."key" = $1 LIMIT $2[0m  [["key", "environment"], ["LIMIT", 1]]
  [1m[36mTRANSACTION (0.2ms)[0m  [1m[35mBEGIN[0m
  [1m[36mActiveRecord::InternalMetadata Create (2.5ms)[0m  [1m[32mINSERT INTO "ar_internal_metadata" ("key", "value", "created_at", "updated_at") VALUES ($1, $2, $3, $4) RETURNING "key"[0m  [["key", "environment"], ["value", "development"], ["created_at", "2023-06-28 08:02:24.435390"], ["updated_at", "2023-06-28 08:02:24.435390"]]
  [1m[36mTRANSACTION (0.8ms)[0m  [1m[35mCOMMIT[0m
  [1m[35m (1.2ms)[0m  [1m[34mSELECT pg_advisory_unlock(8272370091435100875)[0m
  [1m[36mActiveRecord::SchemaMigration Pluck (2.2ms)[0m  [1m[34mSELECT "schema_migrations"."version" FROM "schema_migrations" ORDER BY "schema_migrations"."version" ASC[0m
Started GET "/" for 127.0.0.1 at 2023-06-28 13:02:35 +0300
  [1m[36mActiveRecord::SchemaMigration Pluck (2.8ms)[0m  [1m[34mSELECT "schema_migrations"."version" FROM "schema_migrations" ORDER BY "schema_migrations"."version" ASC[0m
  
ActionController::RoutingError (uninitialized constant UserController):
  
Started GET "/" for ::1 at 2023-06-28 13:20:31 +0300
  [1m[36mActiveRecord::SchemaMigration Pluck (4.9ms)[0m  [1m[34mSELECT "schema_migrations"."version" FROM "schema_migrations" ORDER BY "schema_migrations"."version" ASC[0m
Processing by UsersController#index as HTML
Completed 401 Unauthorized in 140ms (ActiveRecord: 0.0ms | Allocations: 3987)


Started GET "/users/sign_in" for ::1 at 2023-06-28 13:20:33 +0300
Processing by Devise::SessionsController#new as HTML
  Rendering C:/Ruby32-x64/lib/ruby/gems/3.2.0/gems/devise-4.9.2/app/views/devise/sessions/new.html.erb
  Rendered C:/Ruby32-x64/lib/ruby/gems/3.2.0/gems/devise-4.9.2/app/views/devise/shared/_links.html.erb (Duration: 110.7ms | Allocations: 732)
  Rendered C:/Ruby32-x64/lib/ruby/gems/3.2.0/gems/devise-4.9.2/app/views/devise/sessions/new.html.erb (Duration: 408.2ms | Allocations: 4783)
Completed 200 OK in 780ms (Views: 581.1ms | ActiveRecord: 31.8ms | Allocations: 14824)


Started GET "/users/sign_up" for ::1 at 2023-06-28 13:20:40 +0300
Processing by Devise::RegistrationsController#new as HTML
  Rendering C:/Ruby32-x64/lib/ruby/gems/3.2.0/gems/devise-4.9.2/app/views/devise/registrations/new.html.erb
  Rendered C:/Ruby32-x64/lib/ruby/gems/3.2.0/gems/devise-4.9.2/app/views/devise/shared/_error_messages.html.erb (Duration: 46.2ms | Allocations: 235)
  Rendered C:/Ruby32-x64/lib/ruby/gems/3.2.0/gems/devise-4.9.2/app/views/devise/shared/_links.html.erb (Duration: 2.1ms | Allocations: 155)
  Rendered C:/Ruby32-x64/lib/ruby/gems/3.2.0/gems/devise-4.9.2/app/views/devise/registrations/new.html.erb (Duration: 239.2ms | Allocations: 2093)
Completed 200 OK in 337ms (Views: 306.2ms | ActiveRecord: 0.0ms | Allocations: 3378)


Started POST "/users" for ::1 at 2023-06-28 13:21:06 +0300
Processing by Devise::RegistrationsController#create as HTML
  Parameters: {"authenticity_token"=>"[FILTERED]", "user"=>{"email"=>"lornakaboro@gmail.com", "password"=>"[FILTERED]", "password_confirmation"=>"[FILTERED]"}, "commit"=>"Sign up"}
  [1m[36mTRANSACTION (0.5ms)[0m  [1m[35mBEGIN[0m
  [1m[36mUser Exists? (9.0ms)[0m  [1m[34mSELECT 1 AS one FROM "users" WHERE "users"."email" = $1 LIMIT $2[0m  [["email", "lornakaboro@gmail.com"], ["LIMIT", 1]]
  [1m[36mTRANSACTION (0.5ms)[0m  [1m[31mROLLBACK[0m
  Rendering C:/Ruby32-x64/lib/ruby/gems/3.2.0/gems/devise-4.9.2/app/views/devise/registrations/new.html.erb
  Rendered C:/Ruby32-x64/lib/ruby/gems/3.2.0/gems/devise-4.9.2/app/views/devise/shared/_error_messages.html.erb (Duration: 2.1ms | Allocations: 514)
  Rendered C:/Ruby32-x64/lib/ruby/gems/3.2.0/gems/devise-4.9.2/app/views/devise/shared/_links.html.erb (Duration: 0.5ms | Allocations: 78)
  Rendered C:/Ruby32-x64/lib/ruby/gems/3.2.0/gems/devise-4.9.2/app/views/devise/registrations/new.html.erb (Duration: 11.7ms | Allocations: 1686)
Completed 422 Unprocessable Entity in 1308ms (Views: 19.8ms | ActiveRecord: 10.0ms | Allocations: 11008)


Started POST "/users" for ::1 at 2023-06-28 13:24:32 +0300
Processing by Devise::RegistrationsController#create as HTML
  Parameters: {"authenticity_token"=>"[FILTERED]", "user"=>{"email"=>"lornakaboro@gmail.com", "password"=>"[FILTERED]", "password_confirmation"=>"[FILTERED]"}, "commit"=>"Sign up"}
  [1m[36mTRANSACTION (0.6ms)[0m  [1m[35mBEGIN[0m
  [1m[36mUser Exists? (1.7ms)[0m  [1m[34mSELECT 1 AS one FROM "users" WHERE "users"."email" = $1 LIMIT $2[0m  [["email", "lornakaboro@gmail.com"], ["LIMIT", 1]]
  [1m[36mTRANSACTION (0.6ms)[0m  [1m[31mROLLBACK[0m
  Rendering C:/Ruby32-x64/lib/ruby/gems/3.2.0/gems/devise-4.9.2/app/views/devise/registrations/new.html.erb
  Rendered C:/Ruby32-x64/lib/ruby/gems/3.2.0/gems/devise-4.9.2/app/views/devise/shared/_error_messages.html.erb (Duration: 3.3ms | Allocations: 390)
  Rendered C:/Ruby32-x64/lib/ruby/gems/3.2.0/gems/devise-4.9.2/app/views/devise/shared/_links.html.erb (Duration: 1.0ms | Allocations: 78)
  Rendered C:/Ruby32-x64/lib/ruby/gems/3.2.0/gems/devise-4.9.2/app/views/devise/registrations/new.html.erb (Duration: 24.9ms | Allocations: 1554)
Completed 422 Unprocessable Entity in 1153ms (Views: 33.5ms | ActiveRecord: 2.9ms | Allocations: 6631)


Started POST "/users" for ::1 at 2023-06-28 13:25:09 +0300
Processing by Devise::RegistrationsController#create as HTML
  Parameters: {"authenticity_token"=>"[FILTERED]", "user"=>{"email"=>"lornakaboro@gmail.com", "password"=>"[FILTERED]", "password_confirmation"=>"[FILTERED]"}, "commit"=>"Sign up"}
Started POST "/users" for ::1 at 2023-06-28 13:25:09 +0300
Processing by Devise::RegistrationsController#create as HTML
  Parameters: {"authenticity_token"=>"[FILTERED]", "user"=>{"email"=>"lornakaboro@gmail.com", "password"=>"[FILTERED]", "password_confirmation"=>"[FILTERED]"}, "commit"=>"Sign up"}
  [1m[36mTRANSACTION (0.2ms)[0m  [1m[35mBEGIN[0m
  [1m[36mUser Exists? (0.6ms)[0m  [1m[34mSELECT 1 AS one FROM "users" WHERE "users"."email" = $1 LIMIT $2[0m  [["email", "lornakaboro@gmail.com"], ["LIMIT", 1]]
  [1m[36mTRANSACTION (0.3ms)[0m  [1m[31mROLLBACK[0m
  Rendering C:/Ruby32-x64/lib/ruby/gems/3.2.0/gems/devise-4.9.2/app/views/devise/registrations/new.html.erb
  Rendered C:/Ruby32-x64/lib/ruby/gems/3.2.0/gems/devise-4.9.2/app/views/devise/shared/_error_messages.html.erb (Duration: 4.6ms | Allocations: 780)
  Rendered C:/Ruby32-x64/lib/ruby/gems/3.2.0/gems/devise-4.9.2/app/views/devise/shared/_links.html.erb (Duration: 0.5ms | Allocations: 78)
  Rendered C:/Ruby32-x64/lib/ruby/gems/3.2.0/gems/devise-4.9.2/app/views/devise/registrations/new.html.erb (Duration: 13.4ms | Allocations: 2469)
Completed 422 Unprocessable Entity in 883ms (Views: 17.5ms | ActiveRecord: 1.2ms | Allocations: 9627)


  [1m[36mTRANSACTION (0.4ms)[0m  [1m[35mBEGIN[0m
  [1m[36mUser Exists? (0.8ms)[0m  [1m[34mSELECT 1 AS one FROM "users" WHERE "users"."email" = $1 LIMIT $2[0m  [["email", "lornakaboro@gmail.com"], ["LIMIT", 1]]
  [1m[36mTRANSACTION (0.5ms)[0m  [1m[31mROLLBACK[0m
  Rendering C:/Ruby32-x64/lib/ruby/gems/3.2.0/gems/devise-4.9.2/app/views/devise/registrations/new.html.erb
  Rendered C:/Ruby32-x64/lib/ruby/gems/3.2.0/gems/devise-4.9.2/app/views/devise/shared/_error_messages.html.erb (Duration: 4.4ms | Allocations: 727)
  Rendered C:/Ruby32-x64/lib/ruby/gems/3.2.0/gems/devise-4.9.2/app/views/devise/shared/_links.html.erb (Duration: 0.8ms | Allocations: 78)
  Rendered C:/Ruby32-x64/lib/ruby/gems/3.2.0/gems/devise-4.9.2/app/views/devise/registrations/new.html.erb (Duration: 15.2ms | Allocations: 2412)
Completed 422 Unprocessable Entity in 674ms (Views: 19.2ms | ActiveRecord: 1.7ms | Allocations: 15087)


Started POST "/users" for ::1 at 2023-06-28 13:25:59 +0300
Processing by Devise::RegistrationsController#create as HTML
  Parameters: {"authenticity_token"=>"[FILTERED]", "user"=>{"email"=>"lornakaboro@gmail.com", "password"=>"[FILTERED]", "password_confirmation"=>"[FILTERED]"}, "commit"=>"Sign up"}
Started POST "/users" for ::1 at 2023-06-28 13:25:59 +0300
  [1m[36mTRANSACTION (2.1ms)[0m  [1m[35mBEGIN[0m
  [1m[36mUser Exists? (2.5ms)[0m  [1m[34mSELECT 1 AS one FROM "users" WHERE "users"."email" = $1 LIMIT $2[0m  [["email", "lornakaboro@gmail.com"], ["LIMIT", 1]]
  [1m[36mTRANSACTION (0.4ms)[0m  [1m[31mROLLBACK[0m
  Rendering C:/Ruby32-x64/lib/ruby/gems/3.2.0/gems/devise-4.9.2/app/views/devise/registrations/new.html.erb
  Rendered C:/Ruby32-x64/lib/ruby/gems/3.2.0/gems/devise-4.9.2/app/views/devise/shared/_error_messages.html.erb (Duration: 1.9ms | Allocations: 743)
  Rendered C:/Ruby32-x64/lib/ruby/gems/3.2.0/gems/devise-4.9.2/app/views/devise/shared/_links.html.erb (Duration: 0.3ms | Allocations: 78)
  Rendered C:/Ruby32-x64/lib/ruby/gems/3.2.0/gems/devise-4.9.2/app/views/devise/registrations/new.html.erb (Duration: 11.2ms | Allocations: 2421)
Completed 422 Unprocessable Entity in 105ms (Views: 13.7ms | ActiveRecord: 5.0ms | Allocations: 7941)


Processing by Devise::RegistrationsController#create as HTML
  Parameters: {"authenticity_token"=>"[FILTERED]", "user"=>{"email"=>"lornakaboro@gmail.com", "password"=>"[FILTERED]", "password_confirmation"=>"[FILTERED]"}, "commit"=>"Sign up"}
  [1m[36mTRANSACTION (0.4ms)[0m  [1m[35mBEGIN[0m
  [1m[36mUser Exists? (0.8ms)[0m  [1m[34mSELECT 1 AS one FROM "users" WHERE "users"."email" = $1 LIMIT $2[0m  [["email", "lornakaboro@gmail.com"], ["LIMIT", 1]]
  [1m[36mTRANSACTION (0.4ms)[0m  [1m[31mROLLBACK[0m
  Rendering C:/Ruby32-x64/lib/ruby/gems/3.2.0/gems/devise-4.9.2/app/views/devise/registrations/new.html.erb
  Rendered C:/Ruby32-x64/lib/ruby/gems/3.2.0/gems/devise-4.9.2/app/views/devise/shared/_error_messages.html.erb (Duration: 1.3ms | Allocations: 721)
  Rendered C:/Ruby32-x64/lib/ruby/gems/3.2.0/gems/devise-4.9.2/app/views/devise/shared/_links.html.erb (Duration: 0.4ms | Allocations: 78)
  Rendered C:/Ruby32-x64/lib/ruby/gems/3.2.0/gems/devise-4.9.2/app/views/devise/registrations/new.html.erb (Duration: 9.8ms | Allocations: 2394)
Completed 422 Unprocessable Entity in 42ms (Views: 12.5ms | ActiveRecord: 1.6ms | Allocations: 7421)


Started GET "/" for 127.0.0.1 at 2023-06-28 13:37:01 +0300
Processing by UsersController#index as HTML
Completed 401 Unauthorized in 5ms (Allocations: 241)


Started GET "/users/sign_in" for 127.0.0.1 at 2023-06-28 13:37:01 +0300
Processing by Devise::SessionsController#new as HTML
  Rendering C:/Ruby32-x64/lib/ruby/gems/3.2.0/gems/devise-4.9.2/app/views/devise/sessions/new.html.erb
  Rendered C:/Ruby32-x64/lib/ruby/gems/3.2.0/gems/devise-4.9.2/app/views/devise/shared/_links.html.erb (Duration: 6.1ms | Allocations: 573)
  Rendered C:/Ruby32-x64/lib/ruby/gems/3.2.0/gems/devise-4.9.2/app/views/devise/sessions/new.html.erb (Duration: 25.5ms | Allocations: 2113)
Completed 200 OK in 80ms (Views: 74.2ms | Allocations: 3656)


Started POST "/users/sign_in" for 127.0.0.1 at 2023-06-28 13:37:08 +0300
Processing by Devise::SessionsController#create as HTML
  Parameters: {"authenticity_token"=>"[FILTERED]", "user"=>{"email"=>"testify@gmail.com", "password"=>"[FILTERED]", "remember_me"=>"1"}, "commit"=>"Log in"}
  [1m[36mUser Load (6.4ms)[0m  [1m[34mSELECT "users".* FROM "users" WHERE "users"."email" = $1 ORDER BY "users"."id" ASC LIMIT $2[0m  [["email", "testify@gmail.com"], ["LIMIT", 1]]
Completed 401 Unauthorized in 865ms (ActiveRecord: 47.9ms | Allocations: 14004)


Processing by Devise::SessionsController#new as HTML
  Parameters: {"authenticity_token"=>"[FILTERED]", "user"=>{"email"=>"testify@gmail.com", "password"=>"[FILTERED]", "remember_me"=>"1"}, "commit"=>"Log in"}
  Rendering C:/Ruby32-x64/lib/ruby/gems/3.2.0/gems/devise-4.9.2/app/views/devise/sessions/new.html.erb
  Rendered C:/Ruby32-x64/lib/ruby/gems/3.2.0/gems/devise-4.9.2/app/views/devise/shared/_links.html.erb (Duration: 0.4ms | Allocations: 131)
  Rendered C:/Ruby32-x64/lib/ruby/gems/3.2.0/gems/devise-4.9.2/app/views/devise/sessions/new.html.erb (Duration: 5.5ms | Allocations: 1195)
Completed 200 OK in 994ms (Views: 8.6ms | ActiveRecord: 0.0ms | Allocations: 1771)


Started GET "/users/sign_up" for 127.0.0.1 at 2023-06-28 13:37:14 +0300
Processing by Devise::RegistrationsController#new as HTML
  Rendering C:/Ruby32-x64/lib/ruby/gems/3.2.0/gems/devise-4.9.2/app/views/devise/registrations/new.html.erb
  Rendered C:/Ruby32-x64/lib/ruby/gems/3.2.0/gems/devise-4.9.2/app/views/devise/shared/_error_messages.html.erb (Duration: 1.8ms | Allocations: 225)
  Rendered C:/Ruby32-x64/lib/ruby/gems/3.2.0/gems/devise-4.9.2/app/views/devise/shared/_links.html.erb (Duration: 0.3ms | Allocations: 88)
  Rendered C:/Ruby32-x64/lib/ruby/gems/3.2.0/gems/devise-4.9.2/app/views/devise/registrations/new.html.erb (Duration: 20.4ms | Allocations: 1895)
Completed 200 OK in 55ms (Views: 45.2ms | ActiveRecord: 0.0ms | Allocations: 2945)


Started GET "/" for 127.0.0.1 at 2023-06-28 15:33:25 +0300
  [1m[36mActiveRecord::SchemaMigration Pluck (4.0ms)[0m  [1m[34mSELECT "schema_migrations"."version" FROM "schema_migrations" ORDER BY "schema_migrations"."version" ASC[0m
Processing by UsersController#index as HTML
Completed 401 Unauthorized in 335ms (ActiveRecord: 0.0ms | Allocations: 2891)


Started GET "/users/sign_in" for 127.0.0.1 at 2023-06-28 15:33:29 +0300
Processing by Devise::SessionsController#new as HTML
  Rendering C:/Ruby32-x64/lib/ruby/gems/3.2.0/gems/devise-4.9.2/app/views/devise/sessions/new.html.erb
  Rendered C:/Ruby32-x64/lib/ruby/gems/3.2.0/gems/devise-4.9.2/app/views/devise/shared/_links.html.erb (Duration: 185.4ms | Allocations: 726)
  Rendered C:/Ruby32-x64/lib/ruby/gems/3.2.0/gems/devise-4.9.2/app/views/devise/sessions/new.html.erb (Duration: 719.2ms | Allocations: 3859)
Completed 200 OK in 1315ms (Views: 1107.0ms | ActiveRecord: 30.0ms | Allocations: 13551)


Started GET "/users/sign_up" for 127.0.0.1 at 2023-06-28 15:33:38 +0300
Processing by Devise::RegistrationsController#new as HTML
  Rendering C:/Ruby32-x64/lib/ruby/gems/3.2.0/gems/devise-4.9.2/app/views/devise/registrations/new.html.erb
  Rendered C:/Ruby32-x64/lib/ruby/gems/3.2.0/gems/devise-4.9.2/app/views/devise/shared/_error_messages.html.erb (Duration: 42.5ms | Allocations: 235)
  Rendered C:/Ruby32-x64/lib/ruby/gems/3.2.0/gems/devise-4.9.2/app/views/devise/shared/_links.html.erb (Duration: 1.5ms | Allocations: 155)
  Rendered C:/Ruby32-x64/lib/ruby/gems/3.2.0/gems/devise-4.9.2/app/views/devise/registrations/new.html.erb (Duration: 129.3ms | Allocations: 2092)
Completed 200 OK in 167ms (Views: 160.0ms | ActiveRecord: 0.0ms | Allocations: 3382)


Started GET "/" for 127.0.0.1 at 2023-06-28 15:36:16 +0300
  [1m[36mActiveRecord::SchemaMigration Pluck (4.0ms)[0m  [1m[34mSELECT "schema_migrations"."version" FROM "schema_migrations" ORDER BY "schema_migrations"."version" ASC[0m
Processing by UsersController#index as HTML
Completed 401 Unauthorized in 148ms (ActiveRecord: 0.0ms | Allocations: 2945)


Started GET "/users/sign_in" for 127.0.0.1 at 2023-06-28 15:36:18 +0300
Processing by Devise::SessionsController#new as HTML
  Rendering C:/Ruby32-x64/lib/ruby/gems/3.2.0/gems/devise-4.9.2/app/views/devise/sessions/new.html.erb
  Rendered C:/Ruby32-x64/lib/ruby/gems/3.2.0/gems/devise-4.9.2/app/views/devise/shared/_links.html.erb (Duration: 18.3ms | Allocations: 726)
  Rendered C:/Ruby32-x64/lib/ruby/gems/3.2.0/gems/devise-4.9.2/app/views/devise/sessions/new.html.erb (Duration: 178.4ms | Allocations: 3858)
Completed 200 OK in 522ms (Views: 362.8ms | ActiveRecord: 16.8ms | Allocations: 13553)


Started GET "/" for 127.0.0.1 at 2023-06-28 21:55:14 +0300
  [1m[36mActiveRecord::SchemaMigration Pluck (3.4ms)[0m  [1m[34mSELECT "schema_migrations"."version" FROM "schema_migrations" ORDER BY "schema_migrations"."version" ASC[0m
Processing by UsersController#index as HTML
Completed 401 Unauthorized in 49ms (ActiveRecord: 0.0ms | Allocations: 2914)


Started GET "/users/sign_in" for 127.0.0.1 at 2023-06-28 21:55:15 +0300
Processing by Devise::SessionsController#new as HTML
  Rendering C:/Ruby32-x64/lib/ruby/gems/3.2.0/gems/devise-4.9.2/app/views/devise/sessions/new.html.erb
  Rendered C:/Ruby32-x64/lib/ruby/gems/3.2.0/gems/devise-4.9.2/app/views/devise/shared/_links.html.erb (Duration: 2.9ms | Allocations: 731)
  Rendered C:/Ruby32-x64/lib/ruby/gems/3.2.0/gems/devise-4.9.2/app/views/devise/sessions/new.html.erb (Duration: 45.1ms | Allocations: 3864)
Completed 200 OK in 154ms (Views: 98.4ms | ActiveRecord: 12.3ms | Allocations: 13527)


Started GET "/users/sign_up" for 127.0.0.1 at 2023-06-28 21:55:20 +0300
Processing by Devise::RegistrationsController#new as HTML
  Rendering C:/Ruby32-x64/lib/ruby/gems/3.2.0/gems/devise-4.9.2/app/views/devise/registrations/new.html.erb
  Rendered C:/Ruby32-x64/lib/ruby/gems/3.2.0/gems/devise-4.9.2/app/views/devise/shared/_error_messages.html.erb (Duration: 2.1ms | Allocations: 235)
  Rendered C:/Ruby32-x64/lib/ruby/gems/3.2.0/gems/devise-4.9.2/app/views/devise/shared/_links.html.erb (Duration: 1.2ms | Allocations: 155)
  Rendered C:/Ruby32-x64/lib/ruby/gems/3.2.0/gems/devise-4.9.2/app/views/devise/registrations/new.html.erb (Duration: 16.2ms | Allocations: 2092)
Completed 200 OK in 33ms (Views: 29.0ms | ActiveRecord: 0.0ms | Allocations: 3364)


Started GET "/users/sign_up" for 127.0.0.1 at 2023-06-28 21:55:30 +0300
Processing by Devise::RegistrationsController#new as HTML
  Rendering C:/Ruby32-x64/lib/ruby/gems/3.2.0/gems/devise-4.9.2/app/views/devise/registrations/new.html.erb
  Rendered C:/Ruby32-x64/lib/ruby/gems/3.2.0/gems/devise-4.9.2/app/views/devise/shared/_error_messages.html.erb (Duration: 0.1ms | Allocations: 14)
  Rendered C:/Ruby32-x64/lib/ruby/gems/3.2.0/gems/devise-4.9.2/app/views/devise/shared/_links.html.erb (Duration: 0.2ms | Allocations: 78)
  Rendered C:/Ruby32-x64/lib/ruby/gems/3.2.0/gems/devise-4.9.2/app/views/devise/registrations/new.html.erb (Duration: 5.5ms | Allocations: 1177)
Completed 200 OK in 21ms (Views: 10.9ms | ActiveRecord: 0.0ms | Allocations: 1900)


Started POST "/users" for 127.0.0.1 at 2023-06-28 21:55:31 +0300
Started POST "/users" for 127.0.0.1 at 2023-06-28 21:55:31 +0300
Processing by Devise::RegistrationsController#create as HTML
  Parameters: {"authenticity_token"=>"[FILTERED]", "user"=>{"email"=>"", "password"=>"[FILTERED]", "password_confirmation"=>"[FILTERED]"}, "commit"=>"Sign up"}
Started POST "/users" for 127.0.0.1 at 2023-06-28 21:55:31 +0300
  Rendering C:/Ruby32-x64/lib/ruby/gems/3.2.0/gems/devise-4.9.2/app/views/devise/registrations/new.html.erb
  Rendered C:/Ruby32-x64/lib/ruby/gems/3.2.0/gems/devise-4.9.2/app/views/devise/shared/_error_messages.html.erb (Duration: 1.7ms | Allocations: 1217)
  Rendered C:/Ruby32-x64/lib/ruby/gems/3.2.0/gems/devise-4.9.2/app/views/devise/shared/_links.html.erb (Duration: 0.2ms | Allocations: 78)
  Rendered C:/Ruby32-x64/lib/ruby/gems/3.2.0/gems/devise-4.9.2/app/views/devise/registrations/new.html.erb (Duration: 48.5ms | Allocations: 3477)
Completed 422 Unprocessable Entity in 256ms (Views: 55.2ms | ActiveRecord: 0.0ms | Allocations: 7281)


Processing by Devise::RegistrationsController#create as HTML
  Parameters: {"authenticity_token"=>"[FILTERED]", "user"=>{"email"=>"", "password"=>"[FILTERED]", "password_confirmation"=>"[FILTERED]"}, "commit"=>"Sign up"}
  Rendering C:/Ruby32-x64/lib/ruby/gems/3.2.0/gems/devise-4.9.2/app/views/devise/registrations/new.html.erb
  Rendered C:/Ruby32-x64/lib/ruby/gems/3.2.0/gems/devise-4.9.2/app/views/devise/shared/_error_messages.html.erb (Duration: 2.1ms | Allocations: 1048)
  Rendered C:/Ruby32-x64/lib/ruby/gems/3.2.0/gems/devise-4.9.2/app/views/devise/shared/_links.html.erb (Duration: 0.2ms | Allocations: 78)
  Rendered C:/Ruby32-x64/lib/ruby/gems/3.2.0/gems/devise-4.9.2/app/views/devise/registrations/new.html.erb (Duration: 12.0ms | Allocations: 3238)
Completed 422 Unprocessable Entity in 43ms (Views: 19.9ms | ActiveRecord: 0.0ms | Allocations: 5217)


Started POST "/users" for 127.0.0.1 at 2023-06-28 21:55:32 +0300
Processing by Devise::RegistrationsController#create as HTML
  Parameters: {"authenticity_token"=>"[FILTERED]", "user"=>{"email"=>"", "password"=>"[FILTERED]", "password_confirmation"=>"[FILTERED]"}, "commit"=>"Sign up"}
  Rendering C:/Ruby32-x64/lib/ruby/gems/3.2.0/gems/devise-4.9.2/app/views/devise/registrations/new.html.erb
  Rendered C:/Ruby32-x64/lib/ruby/gems/3.2.0/gems/devise-4.9.2/app/views/devise/shared/_error_messages.html.erb (Duration: 1.2ms | Allocations: 1048)
  Rendered C:/Ruby32-x64/lib/ruby/gems/3.2.0/gems/devise-4.9.2/app/views/devise/shared/_links.html.erb (Duration: 0.2ms | Allocations: 78)
  Rendered C:/Ruby32-x64/lib/ruby/gems/3.2.0/gems/devise-4.9.2/app/views/devise/registrations/new.html.erb (Duration: 11.1ms | Allocations: 3232)
Completed 422 Unprocessable Entity in 28ms (Views: 15.9ms | ActiveRecord: 0.0ms | Allocations: 5158)


Processing by Devise::RegistrationsController#create as HTML
  Parameters: {"authenticity_token"=>"[FILTERED]", "user"=>{"email"=>"", "password"=>"[FILTERED]", "password_confirmation"=>"[FILTERED]"}, "commit"=>"Sign up"}
  Rendering C:/Ruby32-x64/lib/ruby/gems/3.2.0/gems/devise-4.9.2/app/views/devise/registrations/new.html.erb
  Rendered C:/Ruby32-x64/lib/ruby/gems/3.2.0/gems/devise-4.9.2/app/views/devise/shared/_error_messages.html.erb (Duration: 1.2ms | Allocations: 1048)
  Rendered C:/Ruby32-x64/lib/ruby/gems/3.2.0/gems/devise-4.9.2/app/views/devise/shared/_links.html.erb (Duration: 0.2ms | Allocations: 78)
  Rendered C:/Ruby32-x64/lib/ruby/gems/3.2.0/gems/devise-4.9.2/app/views/devise/registrations/new.html.erb (Duration: 9.8ms | Allocations: 3231)
Completed 422 Unprocessable Entity in 17ms (Views: 11.4ms | ActiveRecord: 0.0ms | Allocations: 5145)


Started GET "/" for ::1 at 2023-06-29 10:38:59 +0300
  [1m[36mActiveRecord::SchemaMigration Pluck (4.2ms)[0m  [1m[34mSELECT "schema_migrations"."version" FROM "schema_migrations" ORDER BY "schema_migrations"."version" ASC[0m
  
ActionController::RoutingError (uninitialized constant UserController):
  
Started GET "/" for ::1 at 2023-06-29 10:40:45 +0300
Processing by UsersController#index as HTML
Completed 401 Unauthorized in 248ms (ActiveRecord: 0.0ms | Allocations: 2509)


Started GET "/users/sign_in" for ::1 at 2023-06-29 10:40:53 +0300
Processing by Devise::SessionsController#new as HTML
  Rendering C:/Ruby32-x64/lib/ruby/gems/3.2.0/gems/devise-4.9.2/app/views/devise/sessions/new.html.erb
  Rendered C:/Ruby32-x64/lib/ruby/gems/3.2.0/gems/devise-4.9.2/app/views/devise/shared/_links.html.erb (Duration: 193.4ms | Allocations: 715)
  Rendered C:/Ruby32-x64/lib/ruby/gems/3.2.0/gems/devise-4.9.2/app/views/devise/sessions/new.html.erb (Duration: 692.8ms | Allocations: 3415)
Completed 200 OK in 945ms (Views: 768.3ms | ActiveRecord: 16.9ms | Allocations: 11775)


Started GET "/users/sign_up" for ::1 at 2023-06-29 10:41:05 +0300
Processing by Devise::RegistrationsController#new as HTML
  Rendering C:/Ruby32-x64/lib/ruby/gems/3.2.0/gems/devise-4.9.2/app/views/devise/registrations/new.html.erb
  Rendered C:/Ruby32-x64/lib/ruby/gems/3.2.0/gems/devise-4.9.2/app/views/devise/shared/_error_messages.html.erb (Duration: 28.6ms | Allocations: 234)
  Rendered C:/Ruby32-x64/lib/ruby/gems/3.2.0/gems/devise-4.9.2/app/views/devise/shared/_links.html.erb (Duration: 1.3ms | Allocations: 155)
  Rendered C:/Ruby32-x64/lib/ruby/gems/3.2.0/gems/devise-4.9.2/app/views/devise/registrations/new.html.erb (Duration: 124.1ms | Allocations: 2090)
Completed 200 OK in 149ms (Views: 137.4ms | ActiveRecord: 0.0ms | Allocations: 3299)


Started GET "/" for 127.0.0.1 at 2023-06-29 10:47:01 +0100
  [1m[36mActiveRecord::SchemaMigration Pluck (4.5ms)[0m  [1m[34mSELECT "schema_migrations"."version" FROM "schema_migrations" ORDER BY "schema_migrations"."version" ASC[0m
  [1m[36mCACHE ActiveRecord::SchemaMigration Pluck (0.0ms)[0m  [1m[34mSELECT "schema_migrations"."version" FROM "schema_migrations" ORDER BY "schema_migrations"."version" ASC[0m
  
ActiveRecord::PendingMigrationError (

Migrations are pending. To resolve this issue, run:

        bin/rails db:migrate RAILS_ENV=development

You have 2 pending migrations:

20230627192536_create_recipes.rb
20230627193017_create_food_recipes.rb


):
  
activerecord (7.0.5.1) lib/active_record/migration.rb:627:in `check_pending!'
activerecord (7.0.5.1) lib/active_record/migration.rb:592:in `block (2 levels) in call'
activesupport (7.0.5.1) lib/active_support/file_update_checker.rb:83:in `execute'
activerecord (7.0.5.1) lib/active_record/migration.rb:597:in `block in call'
activerecord (7.0.5.1) lib/active_record/migration.rb:589:in `synchronize'
activerecord (7.0.5.1) lib/active_record/migration.rb:589:in `call'
actionpack (7.0.5.1) lib/action_dispatch/middleware/callbacks.rb:27:in `block in call'
activesupport (7.0.5.1) lib/active_support/callbacks.rb:99:in `run_callbacks'
actionpack (7.0.5.1) lib/action_dispatch/middleware/callbacks.rb:26:in `call'
actionpack (7.0.5.1) lib/action_dispatch/middleware/executor.rb:14:in `call'
actionpack (7.0.5.1) lib/action_dispatch/middleware/actionable_exceptions.rb:17:in `call'
actionpack (7.0.5.1) lib/action_dispatch/middleware/debug_exceptions.rb:28:in `call'
web-console (4.2.0) lib/web_console/middleware.rb:132:in `call_app'
web-console (4.2.0) lib/web_console/middleware.rb:28:in `block in call'
web-console (4.2.0) lib/web_console/middleware.rb:17:in `catch'
web-console (4.2.0) lib/web_console/middleware.rb:17:in `call'
actionpack (7.0.5.1) lib/action_dispatch/middleware/show_exceptions.rb:26:in `call'
railties (7.0.5.1) lib/rails/rack/logger.rb:40:in `call_app'
railties (7.0.5.1) lib/rails/rack/logger.rb:25:in `block in call'
activesupport (7.0.5.1) lib/active_support/tagged_logging.rb:99:in `block in tagged'
activesupport (7.0.5.1) lib/active_support/tagged_logging.rb:37:in `tagged'
activesupport (7.0.5.1) lib/active_support/tagged_logging.rb:99:in `tagged'
railties (7.0.5.1) lib/rails/rack/logger.rb:25:in `call'
sprockets-rails (3.4.2) lib/sprockets/rails/quiet_assets.rb:13:in `call'
actionpack (7.0.5.1) lib/action_dispatch/middleware/remote_ip.rb:93:in `call'
actionpack (7.0.5.1) lib/action_dispatch/middleware/request_id.rb:26:in `call'
rack (2.2.7) lib/rack/method_override.rb:24:in `call'
rack (2.2.7) lib/rack/runtime.rb:22:in `call'
activesupport (7.0.5.1) lib/active_support/cache/strategy/local_cache_middleware.rb:29:in `call'
actionpack (7.0.5.1) lib/action_dispatch/middleware/server_timing.rb:61:in `block in call'
actionpack (7.0.5.1) lib/action_dispatch/middleware/server_timing.rb:26:in `collect_events'
actionpack (7.0.5.1) lib/action_dispatch/middleware/server_timing.rb:60:in `call'
actionpack (7.0.5.1) lib/action_dispatch/middleware/executor.rb:14:in `call'
actionpack (7.0.5.1) lib/action_dispatch/middleware/static.rb:23:in `call'
rack (2.2.7) lib/rack/sendfile.rb:110:in `call'
actionpack (7.0.5.1) lib/action_dispatch/middleware/host_authorization.rb:137:in `call'
railties (7.0.5.1) lib/rails/engine.rb:530:in `call'
puma (5.6.6) lib/puma/configuration.rb:252:in `call'
puma (5.6.6) lib/puma/request.rb:77:in `block in handle_request'
puma (5.6.6) lib/puma/thread_pool.rb:340:in `with_force_shutdown'
puma (5.6.6) lib/puma/request.rb:76:in `handle_request'
puma (5.6.6) lib/puma/server.rb:443:in `process_client'
puma (5.6.6) lib/puma/thread_pool.rb:147:in `block in spawn_thread'
  [1m[35m (3.4ms)[0m  [1m[34mSELECT pg_try_advisory_lock(8272370091435100875)[0m
  [1m[36mActiveRecord::SchemaMigration Pluck (3.8ms)[0m  [1m[34mSELECT "schema_migrations"."version" FROM "schema_migrations" ORDER BY "schema_migrations"."version" ASC[0m
Migrating to CreateRecipes (20230627192536)
  [1m[36mTRANSACTION (1.2ms)[0m  [1m[35mBEGIN[0m
  [1m[35m (206.6ms)[0m  [1m[35mCREATE TABLE "recipes" ("id" bigserial primary key, "name" character varying, "description" text, "user_id" bigint NOT NULL, "public" boolean, "created_at" timestamp(6) NOT NULL, "updated_at" timestamp(6) NOT NULL, CONSTRAINT "fk_rails_9606fce865"
FOREIGN KEY ("user_id")
  REFERENCES "users" ("id")
)[0m
  [1m[35m (8.0ms)[0m  [1m[35mCREATE INDEX "index_recipes_on_user_id" ON "recipes" ("user_id")[0m
  [1m[36mActiveRecord::SchemaMigration Create (2.4ms)[0m  [1m[32mINSERT INTO "schema_migrations" ("version") VALUES ($1) RETURNING "version"[0m  [["version", "20230627192536"]]
  [1m[36mTRANSACTION (4.8ms)[0m  [1m[35mCOMMIT[0m
Migrating to CreateFoodRecipes (20230627193017)
  [1m[36mTRANSACTION (0.6ms)[0m  [1m[35mBEGIN[0m
  [1m[35m (14.5ms)[0m  [1m[35mCREATE TABLE "food_recipes" ("id" bigserial primary key, "recipe_id" bigint NOT NULL, "food_id" bigint NOT NULL, "quantity" decimal, "created_at" timestamp(6) NOT NULL, "updated_at" timestamp(6) NOT NULL, CONSTRAINT "fk_rails_abcc6c92c3"
FOREIGN KEY ("recipe_id")
  REFERENCES "recipes" ("id")
, CONSTRAINT "fk_rails_0c50f858e8"
FOREIGN KEY ("food_id")
  REFERENCES "foods" ("id")
)[0m
  [1m[35m (3.6ms)[0m  [1m[35mCREATE INDEX "index_food_recipes_on_recipe_id" ON "food_recipes" ("recipe_id")[0m
  [1m[35m (3.6ms)[0m  [1m[35mCREATE INDEX "index_food_recipes_on_food_id" ON "food_recipes" ("food_id")[0m
  [1m[36mActiveRecord::SchemaMigration Create (0.9ms)[0m  [1m[32mINSERT INTO "schema_migrations" ("version") VALUES ($1) RETURNING "version"[0m  [["version", "20230627193017"]]
  [1m[36mTRANSACTION (1.2ms)[0m  [1m[35mCOMMIT[0m
  [1m[36mActiveRecord::InternalMetadata Load (3.9ms)[0m  [1m[34mSELECT "ar_internal_metadata".* FROM "ar_internal_metadata" WHERE "ar_internal_metadata"."key" = $1 LIMIT $2[0m  [["key", "environment"], ["LIMIT", 1]]
  [1m[35m (0.7ms)[0m  [1m[34mSELECT pg_advisory_unlock(8272370091435100875)[0m
  [1m[36mActiveRecord::SchemaMigration Pluck (6.0ms)[0m  [1m[34mSELECT "schema_migrations"."version" FROM "schema_migrations" ORDER BY "schema_migrations"."version" ASC[0m
Started GET "/" for 127.0.0.1 at 2023-06-29 10:48:38 +0100
  [1m[36mActiveRecord::SchemaMigration Pluck (0.5ms)[0m  [1m[34mSELECT "schema_migrations"."version" FROM "schema_migrations" ORDER BY "schema_migrations"."version" ASC[0m
  
SyntaxError (C:/Users/CalebNwaizu/Documents/Recipe-App/app/controllers/foods_controller.rb:4: syntax error, unexpected <<
<<<<<<< HEAD
^~
C:/Users/CalebNwaizu/Documents/Recipe-App/app/controllers/foods_controller.rb:24: syntax error, unexpected <<
<<<<<<< HEAD
^~
C:/Users/CalebNwaizu/Documents/Recipe-App/app/controllers/foods_controller.rb:28: syntax error, unexpected ===
=======
^~~
C:/Users/CalebNwaizu/Documents/Recipe-App/app/controllers/foods_controller.rb:30: syntax error, unexpected >>
>>>>>>> e2b3c6dd324b4fd019bd2c3...
^~
):
  
app/controllers/foods_controller.rb:4: syntax error, unexpected <<
app/controllers/foods_controller.rb:24: syntax error, unexpected <<
app/controllers/foods_controller.rb:28: syntax error, unexpected ===
app/controllers/foods_controller.rb:30: syntax error, unexpected >>
app/controllers/foods_controller.rb:4: syntax error, unexpected <<
app/controllers/foods_controller.rb:24: syntax error, unexpected <<
app/controllers/foods_controller.rb:28: syntax error, unexpected ===
app/controllers/foods_controller.rb:30: syntax error, unexpected >>
app/controllers/foods_controller.rb:4: syntax error, unexpected <<
app/controllers/foods_controller.rb:24: syntax error, unexpected <<
app/controllers/foods_controller.rb:28: syntax error, unexpected ===
app/controllers/foods_controller.rb:30: syntax error, unexpected >>
Started GET "/" for 127.0.0.1 at 2023-06-29 10:50:03 +0100
Processing by FoodsController#index as HTML
Completed 401 Unauthorized in 49ms (ActiveRecord: 0.0ms | Allocations: 2635)


Started GET "/users/sign_in" for 127.0.0.1 at 2023-06-29 10:50:10 +0100
Processing by Devise::SessionsController#new as HTML
  Rendering layout layouts/application.html.erb
  Rendering devise/sessions/new.html.erb within layouts/application
  Rendered devise/shared/_links.html.erb (Duration: 2.7ms | Allocations: 714)
  Rendered devise/sessions/new.html.erb within layouts/application (Duration: 34.6ms | Allocations: 3595)
  Rendered layout layouts/application.html.erb (Duration: 283.6ms | Allocations: 38143)
Completed 200 OK in 348ms (Views: 300.8ms | ActiveRecord: 12.0ms | Allocations: 45854)


Started POST "/users/sign_in" for 127.0.0.1 at 2023-06-29 10:50:15 +0100
Processing by Devise::SessionsController#create as TURBO_STREAM
  Parameters: {"authenticity_token"=>"[FILTERED]", "user"=>{"email"=>"calebchris000@gmail.com", "password"=>"[FILTERED]", "remember_me"=>"0"}, "commit"=>"Log in"}
  [1m[36mUser Load (13.9ms)[0m  [1m[34mSELECT "users".* FROM "users" WHERE "users"."email" = $1 ORDER BY "users"."id" ASC LIMIT $2[0m  [["email", "calebchris000@gmail.com"], ["LIMIT", 1]]
Redirected to http://127.0.0.1:3000/
Completed 303 See Other in 1020ms (ActiveRecord: 14.5ms | Allocations: 5482)


Started GET "/" for 127.0.0.1 at 2023-06-29 10:50:17 +0100
Processing by FoodsController#index as TURBO_STREAM
  [1m[36mUser Load (1.0ms)[0m  [1m[34mSELECT "users".* FROM "users" WHERE "users"."id" = $1 ORDER BY "users"."id" ASC LIMIT $2[0m  [["id", 1], ["LIMIT", 1]]
  Rendering layout layouts/application.html.erb
  Rendering foods/index.html.erb within layouts/application
  [1m[36mFood Load (7.2ms)[0m  [1m[34mSELECT "foods".* FROM "foods" WHERE "foods"."user_id" = $1[0m  [["user_id", 1]]
  ↳ app/views/foods/index.html.erb:14
  Rendered foods/index.html.erb within layouts/application (Duration: 43.3ms | Allocations: 5153)
  Rendered layout layouts/application.html.erb (Duration: 79.7ms | Allocations: 7452)
Completed 200 OK in 218ms (Views: 81.7ms | ActiveRecord: 14.4ms | Allocations: 11662)


Started GET "/recipes" for 127.0.0.1 at 2023-06-29 10:50:22 +0100
  
SyntaxError (C:/Users/CalebNwaizu/Documents/Recipe-App/app/controllers/recipes_controller.rb:1: syntax error, unexpected <<
<<<<<<< HEAD
^~
):
  
app/controllers/recipes_controller.rb:1: syntax error, unexpected <<
app/controllers/recipes_controller.rb:1: syntax error, unexpected <<
app/controllers/recipes_controller.rb:1: syntax error, unexpected <<
Started GET "/recipes" for 127.0.0.1 at 2023-06-29 10:50:45 +0100
Processing by RecipesController#index as HTML
  [1m[36mUser Load (0.5ms)[0m  [1m[34mSELECT "users".* FROM "users" WHERE "users"."id" = $1 ORDER BY "users"."id" ASC LIMIT $2[0m  [["id", 1], ["LIMIT", 1]]
  Rendering layout layouts/application.html.erb
  Rendering recipes/index.html.erb within layouts/application
  [1m[36mRecipe Exists? (3.0ms)[0m  [1m[34mSELECT 1 AS one FROM "recipes" LIMIT $1[0m  [["LIMIT", 1]]
  ↳ app/views/recipes/index.html.erb:5
  Rendered recipes/index.html.erb within layouts/application (Duration: 26.6ms | Allocations: 1546)
  Rendered layout layouts/application.html.erb (Duration: 122.3ms | Allocations: 15028)
Completed 200 OK in 251ms (Views: 129.4ms | ActiveRecord: 21.1ms | Allocations: 21952)


